mode: atomic
github.com/kartverket/skiperator/controllers/application/authorization_policy.go:16.154,26.36 6 2
github.com/kartverket/skiperator/controllers/application/authorization_policy.go:26.36,29.3 2 0
github.com/kartverket/skiperator/controllers/application/authorization_policy.go:31.2,31.51 1 2
github.com/kartverket/skiperator/controllers/application/authorization_policy.go:31.51,32.62 1 0
github.com/kartverket/skiperator/controllers/application/authorization_policy.go:32.62,35.18 3 0
github.com/kartverket/skiperator/controllers/application/authorization_policy.go:35.18,38.5 2 0
github.com/kartverket/skiperator/controllers/application/authorization_policy.go:40.4,41.34 2 0
github.com/kartverket/skiperator/controllers/application/authorization_policy.go:45.2,45.91 1 2
github.com/kartverket/skiperator/controllers/application/authorization_policy.go:45.91,47.17 2 2
github.com/kartverket/skiperator/controllers/application/authorization_policy.go:47.17,50.4 2 0
github.com/kartverket/skiperator/controllers/application/authorization_policy.go:52.3,55.52 3 2
github.com/kartverket/skiperator/controllers/application/authorization_policy.go:55.52,61.65 3 0
github.com/kartverket/skiperator/controllers/application/authorization_policy.go:61.65,62.79 1 0
github.com/kartverket/skiperator/controllers/application/authorization_policy.go:62.79,64.6 1 0
github.com/kartverket/skiperator/controllers/application/authorization_policy.go:69.3,69.13 1 2
github.com/kartverket/skiperator/controllers/application/authorization_policy.go:72.2,74.32 2 2
github.com/kartverket/skiperator/controllers/application/authorization_policy.go:77.59,85.2 1 2
github.com/kartverket/skiperator/controllers/application/authorization_policy.go:87.128,112.2 1 2
github.com/kartverket/skiperator/controllers/application/certificate.go:20.119,23.13 2 0
github.com/kartverket/skiperator/controllers/application/certificate.go:23.13,25.3 1 0
github.com/kartverket/skiperator/controllers/application/certificate.go:27.2,31.23 3 0
github.com/kartverket/skiperator/controllers/application/certificate.go:31.23,38.3 1 0
github.com/kartverket/skiperator/controllers/application/certificate.go:40.2,40.17 1 0
github.com/kartverket/skiperator/controllers/application/certificate.go:43.146,49.54 3 2
github.com/kartverket/skiperator/controllers/application/certificate.go:49.54,55.17 4 0
github.com/kartverket/skiperator/controllers/application/certificate.go:55.17,58.4 2 0
github.com/kartverket/skiperator/controllers/application/certificate.go:60.3,60.23 1 0
github.com/kartverket/skiperator/controllers/application/certificate.go:60.23,61.12 1 0
github.com/kartverket/skiperator/controllers/application/certificate.go:64.3,64.82 1 0
github.com/kartverket/skiperator/controllers/application/certificate.go:64.82,79.4 4 0
github.com/kartverket/skiperator/controllers/application/certificate.go:80.3,80.17 1 0
github.com/kartverket/skiperator/controllers/application/certificate.go:80.17,83.4 2 0
github.com/kartverket/skiperator/controllers/application/certificate.go:87.2,89.16 2 2
github.com/kartverket/skiperator/controllers/application/certificate.go:89.16,92.3 2 0
github.com/kartverket/skiperator/controllers/application/certificate.go:95.2,95.49 1 2
github.com/kartverket/skiperator/controllers/application/certificate.go:95.49,98.17 2 0
github.com/kartverket/skiperator/controllers/application/certificate.go:98.17,101.4 2 0
github.com/kartverket/skiperator/controllers/application/certificate.go:103.3,103.23 1 0
github.com/kartverket/skiperator/controllers/application/certificate.go:103.23,104.12 1 0
github.com/kartverket/skiperator/controllers/application/certificate.go:107.3,107.112 1 0
github.com/kartverket/skiperator/controllers/application/certificate.go:107.112,110.4 2 0
github.com/kartverket/skiperator/controllers/application/certificate.go:111.3,112.35 2 0
github.com/kartverket/skiperator/controllers/application/certificate.go:112.35,113.12 1 0
github.com/kartverket/skiperator/controllers/application/certificate.go:118.3,118.67 1 0
github.com/kartverket/skiperator/controllers/application/certificate.go:118.67,119.12 1 0
github.com/kartverket/skiperator/controllers/application/certificate.go:123.3,125.17 3 0
github.com/kartverket/skiperator/controllers/application/certificate.go:125.17,128.4 2 0
github.com/kartverket/skiperator/controllers/application/certificate.go:131.2,133.32 2 2
github.com/kartverket/skiperator/controllers/application/certificate.go:136.118,138.26 2 0
github.com/kartverket/skiperator/controllers/application/certificate.go:138.26,140.3 1 0
github.com/kartverket/skiperator/controllers/application/certificate.go:141.2,147.19 4 0
github.com/kartverket/skiperator/controllers/application/certificate.go:150.128,157.2 3 2
github.com/kartverket/skiperator/controllers/application/certificate.go:159.172,164.2 3 0
github.com/kartverket/skiperator/controllers/application/configmap.go:31.144,34.33 2 2
github.com/kartverket/skiperator/controllers/application/configmap.go:34.33,43.5 3 0
github.com/kartverket/skiperator/controllers/application/configmap.go:43.5,46.4 2 0
github.com/kartverket/skiperator/controllers/application/configmap.go:48.3,49.17 2 0
github.com/kartverket/skiperator/controllers/application/configmap.go:49.17,52.4 2 0
github.com/kartverket/skiperator/controllers/application/configmap.go:53.8,61.17 3 2
github.com/kartverket/skiperator/controllers/application/configmap.go:61.17,63.4 1 0
github.com/kartverket/skiperator/controllers/application/configmap.go:67.2,69.32 2 2
github.com/kartverket/skiperator/controllers/application/configmap.go:73.166,83.16 3 0
github.com/kartverket/skiperator/controllers/application/configmap.go:83.16,85.3 1 0
github.com/kartverket/skiperator/controllers/application/configmap.go:87.2,88.36 2 0
github.com/kartverket/skiperator/controllers/application/configmap.go:88.36,91.3 2 0
github.com/kartverket/skiperator/controllers/application/configmap.go:93.2,93.86 1 0
github.com/kartverket/skiperator/controllers/application/configmap.go:93.86,96.17 2 0
github.com/kartverket/skiperator/controllers/application/configmap.go:96.17,99.4 2 0
github.com/kartverket/skiperator/controllers/application/configmap.go:100.3,102.13 2 0
github.com/kartverket/skiperator/controllers/application/configmap.go:105.2,105.12 1 0
github.com/kartverket/skiperator/controllers/application/controller.go:55.74,76.2 1 1
github.com/kartverket/skiperator/controllers/application/controller.go:78.113,82.28 3 4
github.com/kartverket/skiperator/controllers/application/controller.go:82.28,84.3 1 0
github.com/kartverket/skiperator/controllers/application/controller.go:84.8,84.23 1 4
github.com/kartverket/skiperator/controllers/application/controller.go:84.23,87.3 2 0
github.com/kartverket/skiperator/controllers/application/controller.go:89.2,90.36 2 4
github.com/kartverket/skiperator/controllers/application/controller.go:90.36,91.68 1 0
github.com/kartverket/skiperator/controllers/application/controller.go:91.68,92.66 1 0
github.com/kartverket/skiperator/controllers/application/controller.go:92.66,94.5 1 0
github.com/kartverket/skiperator/controllers/application/controller.go:96.4,98.18 3 0
github.com/kartverket/skiperator/controllers/application/controller.go:98.18,100.5 1 0
github.com/kartverket/skiperator/controllers/application/controller.go:104.2,105.16 2 4
github.com/kartverket/skiperator/controllers/application/controller.go:105.16,108.3 2 0
github.com/kartverket/skiperator/controllers/application/controller.go:110.2,112.68 3 4
github.com/kartverket/skiperator/controllers/application/controller.go:112.68,114.3 1 2
github.com/kartverket/skiperator/controllers/application/controller.go:116.2,116.34 1 4
github.com/kartverket/skiperator/controllers/application/controller.go:116.34,118.3 1 4
github.com/kartverket/skiperator/controllers/application/controller.go:118.8,122.3 3 0
github.com/kartverket/skiperator/controllers/application/controller.go:124.2,127.16 3 4
github.com/kartverket/skiperator/controllers/application/controller.go:127.16,129.3 1 0
github.com/kartverket/skiperator/controllers/application/controller.go:131.2,132.16 2 4
github.com/kartverket/skiperator/controllers/application/controller.go:132.16,134.3 1 0
github.com/kartverket/skiperator/controllers/application/controller.go:138.2,138.25 1 4
github.com/kartverket/skiperator/controllers/application/controller.go:138.25,141.3 2 1
github.com/kartverket/skiperator/controllers/application/controller.go:145.2,145.159 1 3
github.com/kartverket/skiperator/controllers/application/controller.go:145.159,148.3 2 1
github.com/kartverket/skiperator/controllers/application/controller.go:150.2,169.38 3 2
github.com/kartverket/skiperator/controllers/application/controller.go:169.38,171.17 2 28
github.com/kartverket/skiperator/controllers/application/controller.go:171.17,173.4 1 0
github.com/kartverket/skiperator/controllers/application/controller.go:173.9,173.49 1 28
github.com/kartverket/skiperator/controllers/application/controller.go:173.49,175.4 1 0
github.com/kartverket/skiperator/controllers/application/controller.go:178.2,180.32 2 2
github.com/kartverket/skiperator/controllers/application/controller.go:183.125,185.16 2 0
github.com/kartverket/skiperator/controllers/application/controller.go:185.16,187.3 1 0
github.com/kartverket/skiperator/controllers/application/controller.go:189.2,189.49 1 0
github.com/kartverket/skiperator/controllers/application/controller.go:189.49,190.66 1 0
github.com/kartverket/skiperator/controllers/application/controller.go:190.66,193.18 3 0
github.com/kartverket/skiperator/controllers/application/controller.go:193.18,195.5 1 0
github.com/kartverket/skiperator/controllers/application/controller.go:199.2,199.12 1 0
github.com/kartverket/skiperator/controllers/application/controller.go:202.108,207.57 2 4
github.com/kartverket/skiperator/controllers/application/controller.go:207.57,210.17 2 4
github.com/kartverket/skiperator/controllers/application/controller.go:210.17,212.4 1 0
github.com/kartverket/skiperator/controllers/application/controller.go:215.2,215.12 1 4
github.com/kartverket/skiperator/controllers/application/controller.go:219.85,221.33 2 2
github.com/kartverket/skiperator/controllers/application/controller.go:221.33,223.3 1 0
github.com/kartverket/skiperator/controllers/application/controller.go:225.2,225.13 1 2
github.com/kartverket/skiperator/controllers/application/controller.go:228.75,230.53 2 4
github.com/kartverket/skiperator/controllers/application/controller.go:230.53,231.44 1 0
github.com/kartverket/skiperator/controllers/application/controller.go:231.44,236.4 2 0
github.com/kartverket/skiperator/controllers/application/controller.go:239.2,239.12 1 4
github.com/kartverket/skiperator/controllers/application/controller.go:242.222,245.16 3 56
github.com/kartverket/skiperator/controllers/application/controller.go:245.16,247.3 1 28
github.com/kartverket/skiperator/controllers/application/controller.go:248.2,248.32 1 28
github.com/kartverket/skiperator/controllers/application/controller.go:251.181,256.16 4 0
github.com/kartverket/skiperator/controllers/application/controller.go:256.16,258.3 1 0
github.com/kartverket/skiperator/controllers/application/controller.go:259.2,259.34 1 0
github.com/kartverket/skiperator/controllers/application/controller.go:262.161,266.2 2 0
github.com/kartverket/skiperator/controllers/application/controller.go:268.165,272.2 2 28
github.com/kartverket/skiperator/controllers/application/controller.go:274.160,278.2 2 28
github.com/kartverket/skiperator/controllers/application/controller.go:280.172,282.2 1 0
github.com/kartverket/skiperator/controllers/application/controller.go:284.186,285.18 1 28
github.com/kartverket/skiperator/controllers/application/controller.go:285.18,287.3 1 0
github.com/kartverket/skiperator/controllers/application/controller.go:289.2,289.60 1 28
github.com/kartverket/skiperator/controllers/application/controller.go:365.115,368.74 2 16
github.com/kartverket/skiperator/controllers/application/controller.go:368.74,370.14 2 0
github.com/kartverket/skiperator/controllers/application/controller.go:370.14,371.164 1 0
github.com/kartverket/skiperator/controllers/application/controller.go:371.164,373.31 2 0
github.com/kartverket/skiperator/controllers/application/controller.go:373.31,375.6 1 0
github.com/kartverket/skiperator/controllers/application/controller.go:376.5,377.32 2 0
github.com/kartverket/skiperator/controllers/application/controller.go:379.9,381.4 1 0
github.com/kartverket/skiperator/controllers/application/controller.go:385.116,387.22 2 16
github.com/kartverket/skiperator/controllers/application/controller.go:387.22,389.3 1 13
github.com/kartverket/skiperator/controllers/application/controller.go:390.2,390.28 1 16
github.com/kartverket/skiperator/controllers/application/controller.go:390.28,393.3 2 0
github.com/kartverket/skiperator/controllers/application/controller.go:395.2,395.43 1 16
github.com/kartverket/skiperator/controllers/application/deployment.go:34.143,56.33 6 2
github.com/kartverket/skiperator/controllers/application/deployment.go:56.33,66.5 4 0
github.com/kartverket/skiperator/controllers/application/deployment.go:66.5,69.4 2 0
github.com/kartverket/skiperator/controllers/application/deployment.go:71.3,77.71 6 0
github.com/kartverket/skiperator/controllers/application/deployment.go:80.2,95.56 5 2
github.com/kartverket/skiperator/controllers/application/deployment.go:95.56,98.3 2 0
github.com/kartverket/skiperator/controllers/application/deployment.go:100.2,153.50 4 2
github.com/kartverket/skiperator/controllers/application/deployment.go:153.50,155.3 1 0
github.com/kartverket/skiperator/controllers/application/deployment.go:157.2,157.65 1 2
github.com/kartverket/skiperator/controllers/application/deployment.go:157.65,158.99 1 0
github.com/kartverket/skiperator/controllers/application/deployment.go:158.99,160.4 1 0
github.com/kartverket/skiperator/controllers/application/deployment.go:160.9,160.107 1 0
github.com/kartverket/skiperator/controllers/application/deployment.go:160.107,162.4 1 0
github.com/kartverket/skiperator/controllers/application/deployment.go:162.9,165.4 2 0
github.com/kartverket/skiperator/controllers/application/deployment.go:168.2,173.24 4 2
github.com/kartverket/skiperator/controllers/application/deployment.go:173.24,175.3 1 0
github.com/kartverket/skiperator/controllers/application/deployment.go:178.2,179.16 2 2
github.com/kartverket/skiperator/controllers/application/deployment.go:179.16,182.3 2 0
github.com/kartverket/skiperator/controllers/application/deployment.go:184.2,184.48 1 2
github.com/kartverket/skiperator/controllers/application/deployment.go:187.145,200.36 6 2
github.com/kartverket/skiperator/controllers/application/deployment.go:200.36,203.3 2 0
github.com/kartverket/skiperator/controllers/application/deployment.go:205.2,206.16 2 2
github.com/kartverket/skiperator/controllers/application/deployment.go:206.16,207.29 1 1
github.com/kartverket/skiperator/controllers/application/deployment.go:207.29,210.18 3 1
github.com/kartverket/skiperator/controllers/application/deployment.go:210.18,213.5 2 0
github.com/kartverket/skiperator/controllers/application/deployment.go:214.9,217.4 2 0
github.com/kartverket/skiperator/controllers/application/deployment.go:218.8,219.114 1 1
github.com/kartverket/skiperator/controllers/application/deployment.go:219.114,221.44 1 1
github.com/kartverket/skiperator/controllers/application/deployment.go:221.44,223.5 1 1
github.com/kartverket/skiperator/controllers/application/deployment.go:225.3,236.49 4 1
github.com/kartverket/skiperator/controllers/application/deployment.go:236.49,239.18 3 0
github.com/kartverket/skiperator/controllers/application/deployment.go:239.18,242.5 2 0
github.com/kartverket/skiperator/controllers/application/deployment.go:246.2,248.32 2 2
github.com/kartverket/skiperator/controllers/application/deployment.go:251.113,253.16 2 3
github.com/kartverket/skiperator/controllers/application/deployment.go:253.16,255.98 1 3
github.com/kartverket/skiperator/controllers/application/deployment.go:255.98,257.4 1 1
github.com/kartverket/skiperator/controllers/application/deployment.go:258.3,258.15 1 3
github.com/kartverket/skiperator/controllers/application/deployment.go:262.2,262.12 1 0
github.com/kartverket/skiperator/controllers/application/deployment.go:265.86,266.34 1 2
github.com/kartverket/skiperator/controllers/application/deployment.go:266.34,268.3 1 0
github.com/kartverket/skiperator/controllers/application/deployment.go:270.2,274.3 1 2
github.com/kartverket/skiperator/controllers/application/deployment.go:277.65,279.33 2 5
github.com/kartverket/skiperator/controllers/application/deployment.go:279.33,281.3 1 0
github.com/kartverket/skiperator/controllers/application/deployment.go:282.2,283.72 2 5
github.com/kartverket/skiperator/controllers/application/deployment.go:283.72,285.3 1 0
github.com/kartverket/skiperator/controllers/application/deployment.go:286.2,286.14 1 5
github.com/kartverket/skiperator/controllers/application/deployment.go:289.103,290.53 1 0
github.com/kartverket/skiperator/controllers/application/deployment.go:290.53,292.3 1 0
github.com/kartverket/skiperator/controllers/application/deployment.go:294.2,296.31 2 0
github.com/kartverket/skiperator/controllers/application/deployment.go:296.31,298.3 1 0
github.com/kartverket/skiperator/controllers/application/deployment.go:300.2,300.53 1 0
github.com/kartverket/skiperator/controllers/application/deployment.go:300.53,301.32 1 0
github.com/kartverket/skiperator/controllers/application/deployment.go:301.32,303.4 1 0
github.com/kartverket/skiperator/controllers/application/deployment.go:306.2,307.24 2 0
github.com/kartverket/skiperator/controllers/application/egress_service_entry.go:16.153,21.16 4 2
github.com/kartverket/skiperator/controllers/application/egress_service_entry.go:21.16,25.3 2 0
github.com/kartverket/skiperator/controllers/application/egress_service_entry.go:27.2,27.46 1 2
github.com/kartverket/skiperator/controllers/application/egress_service_entry.go:27.46,33.17 3 0
github.com/kartverket/skiperator/controllers/application/egress_service_entry.go:33.17,36.4 2 0
github.com/kartverket/skiperator/controllers/application/egress_service_entry.go:38.3,38.23 1 0
github.com/kartverket/skiperator/controllers/application/egress_service_entry.go:38.23,39.12 1 0
github.com/kartverket/skiperator/controllers/application/egress_service_entry.go:42.3,42.83 1 0
github.com/kartverket/skiperator/controllers/application/egress_service_entry.go:42.83,46.18 3 0
github.com/kartverket/skiperator/controllers/application/egress_service_entry.go:46.18,49.5 2 0
github.com/kartverket/skiperator/controllers/application/egress_service_entry.go:50.4,53.14 3 0
github.com/kartverket/skiperator/controllers/application/egress_service_entry.go:56.3,56.17 1 0
github.com/kartverket/skiperator/controllers/application/egress_service_entry.go:56.17,59.4 2 0
github.com/kartverket/skiperator/controllers/application/egress_service_entry.go:62.2,64.16 3 2
github.com/kartverket/skiperator/controllers/application/egress_service_entry.go:64.16,67.3 2 0
github.com/kartverket/skiperator/controllers/application/egress_service_entry.go:69.2,70.54 2 2
github.com/kartverket/skiperator/controllers/application/egress_service_entry.go:70.54,72.17 2 0
github.com/kartverket/skiperator/controllers/application/egress_service_entry.go:72.17,75.4 2 0
github.com/kartverket/skiperator/controllers/application/egress_service_entry.go:77.3,77.23 1 0
github.com/kartverket/skiperator/controllers/application/egress_service_entry.go:77.23,78.12 1 0
github.com/kartverket/skiperator/controllers/application/egress_service_entry.go:81.3,83.17 3 0
github.com/kartverket/skiperator/controllers/application/egress_service_entry.go:83.17,86.4 2 0
github.com/kartverket/skiperator/controllers/application/egress_service_entry.go:89.2,91.32 2 2
github.com/kartverket/skiperator/controllers/application/horizontal_pod_autoscaler.go:14.158,20.36 5 2
github.com/kartverket/skiperator/controllers/application/horizontal_pod_autoscaler.go:20.36,23.3 2 0
github.com/kartverket/skiperator/controllers/application/horizontal_pod_autoscaler.go:25.2,25.113 1 2
github.com/kartverket/skiperator/controllers/application/horizontal_pod_autoscaler.go:25.113,28.17 3 0
github.com/kartverket/skiperator/controllers/application/horizontal_pod_autoscaler.go:28.17,31.4 2 0
github.com/kartverket/skiperator/controllers/application/horizontal_pod_autoscaler.go:32.3,33.33 2 0
github.com/kartverket/skiperator/controllers/application/horizontal_pod_autoscaler.go:36.2,36.93 1 2
github.com/kartverket/skiperator/controllers/application/horizontal_pod_autoscaler.go:36.93,39.17 2 2
github.com/kartverket/skiperator/controllers/application/horizontal_pod_autoscaler.go:39.17,42.4 2 0
github.com/kartverket/skiperator/controllers/application/horizontal_pod_autoscaler.go:44.3,48.17 4 2
github.com/kartverket/skiperator/controllers/application/horizontal_pod_autoscaler.go:48.17,51.4 2 0
github.com/kartverket/skiperator/controllers/application/horizontal_pod_autoscaler.go:53.3,75.13 2 2
github.com/kartverket/skiperator/controllers/application/horizontal_pod_autoscaler.go:78.2,80.32 2 2
github.com/kartverket/skiperator/controllers/application/ingress_gateway.go:19.149,24.54 3 2
github.com/kartverket/skiperator/controllers/application/ingress_gateway.go:24.54,30.17 4 0
github.com/kartverket/skiperator/controllers/application/ingress_gateway.go:30.17,33.4 2 0
github.com/kartverket/skiperator/controllers/application/ingress_gateway.go:35.3,35.23 1 0
github.com/kartverket/skiperator/controllers/application/ingress_gateway.go:35.23,36.12 1 0
github.com/kartverket/skiperator/controllers/application/ingress_gateway.go:39.3,39.78 1 0
github.com/kartverket/skiperator/controllers/application/ingress_gateway.go:39.78,42.18 2 0
github.com/kartverket/skiperator/controllers/application/ingress_gateway.go:42.18,45.5 2 0
github.com/kartverket/skiperator/controllers/application/ingress_gateway.go:47.4,53.33 5 0
github.com/kartverket/skiperator/controllers/application/ingress_gateway.go:53.33,55.5 1 0
github.com/kartverket/skiperator/controllers/application/ingress_gateway.go:55.10,57.5 1 0
github.com/kartverket/skiperator/controllers/application/ingress_gateway.go:59.4,87.14 6 0
github.com/kartverket/skiperator/controllers/application/ingress_gateway.go:89.3,89.17 1 0
github.com/kartverket/skiperator/controllers/application/ingress_gateway.go:89.17,92.4 2 0
github.com/kartverket/skiperator/controllers/application/ingress_gateway.go:96.2,99.16 3 2
github.com/kartverket/skiperator/controllers/application/ingress_gateway.go:99.16,102.3 2 0
github.com/kartverket/skiperator/controllers/application/ingress_gateway.go:104.2,104.41 1 2
github.com/kartverket/skiperator/controllers/application/ingress_gateway.go:104.41,106.17 2 0
github.com/kartverket/skiperator/controllers/application/ingress_gateway.go:106.17,109.4 2 0
github.com/kartverket/skiperator/controllers/application/ingress_gateway.go:111.3,111.23 1 0
github.com/kartverket/skiperator/controllers/application/ingress_gateway.go:111.23,112.12 1 0
github.com/kartverket/skiperator/controllers/application/ingress_gateway.go:116.3,116.33 1 0
github.com/kartverket/skiperator/controllers/application/ingress_gateway.go:116.33,117.12 1 0
github.com/kartverket/skiperator/controllers/application/ingress_gateway.go:120.3,120.123 1 0
github.com/kartverket/skiperator/controllers/application/ingress_gateway.go:120.123,122.4 1 0
github.com/kartverket/skiperator/controllers/application/ingress_gateway.go:123.3,124.37 2 0
github.com/kartverket/skiperator/controllers/application/ingress_gateway.go:124.37,125.12 1 0
github.com/kartverket/skiperator/controllers/application/ingress_gateway.go:128.3,128.115 1 0
github.com/kartverket/skiperator/controllers/application/ingress_gateway.go:128.115,131.4 2 0
github.com/kartverket/skiperator/controllers/application/ingress_gateway.go:132.3,133.38 2 0
github.com/kartverket/skiperator/controllers/application/ingress_gateway.go:133.38,134.12 1 0
github.com/kartverket/skiperator/controllers/application/ingress_gateway.go:138.3,140.17 3 0
github.com/kartverket/skiperator/controllers/application/ingress_gateway.go:140.17,143.4 2 0
github.com/kartverket/skiperator/controllers/application/ingress_gateway.go:146.2,148.32 2 2
github.com/kartverket/skiperator/controllers/application/ingress_gateway.go:152.64,156.2 2 0
github.com/kartverket/skiperator/controllers/application/ingress_virtual_service.go:17.156,30.41 5 2
github.com/kartverket/skiperator/controllers/application/ingress_virtual_service.go:30.41,32.37 2 0
github.com/kartverket/skiperator/controllers/application/ingress_virtual_service.go:32.37,35.4 2 0
github.com/kartverket/skiperator/controllers/application/ingress_virtual_service.go:37.3,37.85 1 0
github.com/kartverket/skiperator/controllers/application/ingress_virtual_service.go:37.85,40.18 2 0
github.com/kartverket/skiperator/controllers/application/ingress_virtual_service.go:40.18,43.5 2 0
github.com/kartverket/skiperator/controllers/application/ingress_virtual_service.go:44.4,51.84 2 0
github.com/kartverket/skiperator/controllers/application/ingress_virtual_service.go:51.84,71.5 1 0
github.com/kartverket/skiperator/controllers/application/ingress_virtual_service.go:73.4,87.14 2 0
github.com/kartverket/skiperator/controllers/application/ingress_virtual_service.go:90.8,93.17 3 2
github.com/kartverket/skiperator/controllers/application/ingress_virtual_service.go:93.17,96.4 2 0
github.com/kartverket/skiperator/controllers/application/ingress_virtual_service.go:99.2,99.16 1 2
github.com/kartverket/skiperator/controllers/application/ingress_virtual_service.go:99.16,102.3 2 0
github.com/kartverket/skiperator/controllers/application/ingress_virtual_service.go:104.2,106.32 2 2
github.com/kartverket/skiperator/controllers/application/ingress_virtual_service.go:109.114,111.54 2 0
github.com/kartverket/skiperator/controllers/application/ingress_virtual_service.go:111.54,117.3 4 0
github.com/kartverket/skiperator/controllers/application/ingress_virtual_service.go:119.2,119.17 1 0
github.com/kartverket/skiperator/controllers/application/network_policy.go:16.148,21.16 4 2
github.com/kartverket/skiperator/controllers/application/network_policy.go:21.16,24.3 2 0
github.com/kartverket/skiperator/controllers/application/network_policy.go:26.2,34.36 3 2
github.com/kartverket/skiperator/controllers/application/network_policy.go:34.36,37.3 2 0
github.com/kartverket/skiperator/controllers/application/network_policy.go:39.2,52.23 2 2
github.com/kartverket/skiperator/controllers/application/network_policy.go:52.23,56.3 3 2
github.com/kartverket/skiperator/controllers/application/network_policy.go:58.2,58.83 1 0
github.com/kartverket/skiperator/controllers/application/network_policy.go:58.83,61.17 2 0
github.com/kartverket/skiperator/controllers/application/network_policy.go:61.17,64.4 2 0
github.com/kartverket/skiperator/controllers/application/network_policy.go:66.3,71.13 4 0
github.com/kartverket/skiperator/controllers/application/network_policy.go:74.2,76.32 2 0
github.com/kartverket/skiperator/controllers/application/peer_authentication.go:15.153,21.36 5 2
github.com/kartverket/skiperator/controllers/application/peer_authentication.go:21.36,24.3 2 0
github.com/kartverket/skiperator/controllers/application/peer_authentication.go:26.2,26.88 1 2
github.com/kartverket/skiperator/controllers/application/peer_authentication.go:26.88,29.17 2 2
github.com/kartverket/skiperator/controllers/application/peer_authentication.go:29.17,32.4 2 0
github.com/kartverket/skiperator/controllers/application/peer_authentication.go:34.3,39.13 4 2
github.com/kartverket/skiperator/controllers/application/peer_authentication.go:42.2,44.32 2 2
github.com/kartverket/skiperator/controllers/application/pod_disruption_budget.go:15.154,21.36 5 2
github.com/kartverket/skiperator/controllers/application/pod_disruption_budget.go:21.36,24.3 2 0
github.com/kartverket/skiperator/controllers/application/pod_disruption_budget.go:26.2,26.33 1 2
github.com/kartverket/skiperator/controllers/application/pod_disruption_budget.go:26.33,27.75 1 2
github.com/kartverket/skiperator/controllers/application/pod_disruption_budget.go:27.75,30.18 2 2
github.com/kartverket/skiperator/controllers/application/pod_disruption_budget.go:30.18,33.5 2 0
github.com/kartverket/skiperator/controllers/application/pod_disruption_budget.go:35.4,40.18 5 2
github.com/kartverket/skiperator/controllers/application/pod_disruption_budget.go:40.18,42.19 2 2
github.com/kartverket/skiperator/controllers/application/pod_disruption_budget.go:42.19,45.6 2 0
github.com/kartverket/skiperator/controllers/application/pod_disruption_budget.go:45.11,47.6 1 2
github.com/kartverket/skiperator/controllers/application/pod_disruption_budget.go:48.10,50.5 1 0
github.com/kartverket/skiperator/controllers/application/pod_disruption_budget.go:52.4,59.14 2 2
github.com/kartverket/skiperator/controllers/application/pod_disruption_budget.go:62.3,63.33 2 2
github.com/kartverket/skiperator/controllers/application/pod_disruption_budget.go:64.8,67.17 3 0
github.com/kartverket/skiperator/controllers/application/pod_disruption_budget.go:67.17,70.4 2 0
github.com/kartverket/skiperator/controllers/application/pod_disruption_budget.go:72.3,73.33 2 0
github.com/kartverket/skiperator/controllers/application/pod_disruption_budget.go:77.72,80.27 2 2
github.com/kartverket/skiperator/controllers/application/pod_disruption_budget.go:80.27,82.3 1 2
github.com/kartverket/skiperator/controllers/application/pod_disruption_budget.go:82.8,84.3 1 0
github.com/kartverket/skiperator/controllers/application/pod_disruption_budget.go:86.2,86.15 1 2
github.com/kartverket/skiperator/controllers/application/service.go:22.142,28.36 5 2
github.com/kartverket/skiperator/controllers/application/service.go:28.36,31.3 2 0
github.com/kartverket/skiperator/controllers/application/service.go:33.2,33.77 1 2
github.com/kartverket/skiperator/controllers/application/service.go:33.77,36.17 2 2
github.com/kartverket/skiperator/controllers/application/service.go:36.17,39.4 2 0
github.com/kartverket/skiperator/controllers/application/service.go:41.3,46.23 4 2
github.com/kartverket/skiperator/controllers/application/service.go:46.23,48.4 1 1
github.com/kartverket/skiperator/controllers/application/service.go:49.3,53.101 4 2
github.com/kartverket/skiperator/controllers/application/service.go:53.101,55.4 1 0
github.com/kartverket/skiperator/controllers/application/service.go:57.3,63.13 2 2
github.com/kartverket/skiperator/controllers/application/service.go:66.2,68.32 2 2
github.com/kartverket/skiperator/controllers/application/service.go:71.87,74.36 2 2
github.com/kartverket/skiperator/controllers/application/service.go:74.36,81.3 1 0
github.com/kartverket/skiperator/controllers/application/service.go:83.2,83.14 1 2
github.com/kartverket/skiperator/controllers/application/service.go:86.61,90.29 2 2
github.com/kartverket/skiperator/controllers/application/service.go:90.29,92.3 1 0
github.com/kartverket/skiperator/controllers/application/service.go:94.2,99.3 1 2
github.com/kartverket/skiperator/controllers/application/service_account.go:14.149,21.36 5 2
github.com/kartverket/skiperator/controllers/application/service_account.go:21.36,24.3 2 0
github.com/kartverket/skiperator/controllers/application/service_account.go:26.2,26.84 1 2
github.com/kartverket/skiperator/controllers/application/service_account.go:26.84,29.17 2 2
github.com/kartverket/skiperator/controllers/application/service_account.go:29.17,32.4 2 0
github.com/kartverket/skiperator/controllers/application/service_account.go:34.3,37.13 3 2
github.com/kartverket/skiperator/controllers/application/service_account.go:40.2,42.32 2 2
github.com/kartverket/skiperator/controllers/application/service_monitor.go:14.149,18.67 3 2
github.com/kartverket/skiperator/controllers/application/service_monitor.go:18.67,21.3 2 0
github.com/kartverket/skiperator/controllers/application/service_monitor.go:23.2,30.36 3 2
github.com/kartverket/skiperator/controllers/application/service_monitor.go:30.36,33.3 2 0
github.com/kartverket/skiperator/controllers/application/service_monitor.go:35.2,35.40 1 2
github.com/kartverket/skiperator/controllers/application/service_monitor.go:35.40,37.17 2 2
github.com/kartverket/skiperator/controllers/application/service_monitor.go:37.17,40.4 2 0
github.com/kartverket/skiperator/controllers/application/service_monitor.go:42.3,43.33 2 2
github.com/kartverket/skiperator/controllers/application/service_monitor.go:46.2,46.84 1 0
github.com/kartverket/skiperator/controllers/application/service_monitor.go:46.84,49.17 2 0
github.com/kartverket/skiperator/controllers/application/service_monitor.go:49.17,52.4 2 0
github.com/kartverket/skiperator/controllers/application/service_monitor.go:54.3,67.13 4 0
github.com/kartverket/skiperator/controllers/application/service_monitor.go:70.2,72.32 2 0
github.com/kartverket/skiperator/controllers/application/service_monitor.go:75.133,80.62 2 0
github.com/kartverket/skiperator/controllers/application/service_monitor.go:80.62,82.3 1 0
github.com/kartverket/skiperator/controllers/application/service_monitor.go:84.2,89.3 1 0
